Arguments: 
  /usr/local/bin/node /Users/danielanthony/.yarn/bin/yarn.js add redux-persistor

PATH: 
  /Users/danielanthony/.yarn/bin:/Users/danielanthony/.config/yarn/global/node_modules/.bin:/opt/homebrew/bin:/opt/homebrew/sbin:/Library/Frameworks/Python.framework/Versions/3.10/bin:/usr/local/bin:/usr/bin:/bin:/usr/sbin:/sbin:/Users/danielanthony/.yarn/bin:/Users/danielanthony/.config/yarn/global/node_modules/.bin:/Users/danielanthony/opt/anaconda3/bin:/Users/danielanthony/opt/anaconda3/condabin:/opt/homebrew/bin:/opt/homebrew/sbin:/Library/Frameworks/Python.framework/Versions/3.10/bin

Yarn version: 
  1.22.17

Node version: 
  16.14.0

Platform: 
  darwin arm64

Trace: 
  Error: https://registry.yarnpkg.com/redux-persistor: Not found
      at Request.params.callback [as _callback] (/Users/danielanthony/.yarn/lib/cli.js:67029:18)
      at Request.self.callback (/Users/danielanthony/.yarn/lib/cli.js:140883:22)
      at Request.emit (node:events:520:28)
      at Request.<anonymous> (/Users/danielanthony/.yarn/lib/cli.js:141855:10)
      at Request.emit (node:events:520:28)
      at IncomingMessage.<anonymous> (/Users/danielanthony/.yarn/lib/cli.js:141777:12)
      at Object.onceWrapper (node:events:639:28)
      at IncomingMessage.emit (node:events:532:35)
      at endReadableNT (node:internal/streams/readable:1346:12)
      at processTicksAndRejections (node:internal/process/task_queues:83:21)

npm manifest: 
  {
    "dependencies": {
      "axios": "^0.26.1",
      "react-persist": "^1.0.2",
      "redux-persist": "^6.0.0"
    }
  }

yarn manifest: 
  No manifest

Lockfile: 
  # THIS IS AN AUTOGENERATED FILE. DO NOT EDIT THIS FILE DIRECTLY.
  # yarn lockfile v1
  
  
  axios@^0.26.1:
    version "0.26.1"
    resolved "https://registry.yarnpkg.com/axios/-/axios-0.26.1.tgz#1ede41c51fcf51bbbd6fd43669caaa4f0495aaa9"
    integrity sha512-fPwcX4EvnSHuInCMItEhAGnaSEXRBjtzh9fOtsE6E1G6p7vl7edEeZe11QHf18+6+9gR5PbKV/sGKNaD8YaMeA==
    dependencies:
      follow-redirects "^1.14.8"
  
  follow-redirects@^1.14.8:
    version "1.14.9"
    resolved "https://registry.yarnpkg.com/follow-redirects/-/follow-redirects-1.14.9.tgz#dd4ea157de7bfaf9ea9b3fbd85aa16951f78d8d7"
    integrity sha512-MQDfihBQYMcyy5dhRDJUHcw7lb2Pv/TuE6xP1vyraLukNDHKbDxDNaOE3NbCAdKQApno+GPRyo1YAp89yCjK4w==
  
  lodash.debounce@^4.0.8:
    version "4.0.8"
    resolved "https://registry.yarnpkg.com/lodash.debounce/-/lodash.debounce-4.0.8.tgz#82d79bff30a67c4005ffd5e2515300ad9ca4d7af"
    integrity sha1-gteb/zCmfEAF/9XiUVMArZyk168=
  
  lodash.isequal@^4.5.0:
    version "4.5.0"
    resolved "https://registry.yarnpkg.com/lodash.isequal/-/lodash.isequal-4.5.0.tgz#415c4478f2bcc30120c22ce10ed3226f7d3e18e0"
    integrity sha1-QVxEePK8wwEgwizhDtMib30+GOA=
  
  react-persist@^1.0.2:
    version "1.0.2"
    resolved "https://registry.yarnpkg.com/react-persist/-/react-persist-1.0.2.tgz#32955ba2f38f65d945055470a1ee90c4894f8b05"
    integrity sha512-IB+AthS5K+DTvHBvcBjYzmaNBpWi6zFWK7RYuhUMDtuQOQ3Umuom2VUf7pfJUJCoXyMVxLo2fxIn3YiZyUA8Qg==
    dependencies:
      lodash.debounce "^4.0.8"
      lodash.isequal "^4.5.0"
  
  redux-persist@^6.0.0:
    version "6.0.0"
    resolved "https://registry.yarnpkg.com/redux-persist/-/redux-persist-6.0.0.tgz#b4d2972f9859597c130d40d4b146fecdab51b3a8"
    integrity sha512-71LLMbUq2r02ng2We9S215LtPu3fY0KgaGE0k8WRgl6RkqxtGfl7HUozz1Dftwsb0D/5mZ8dwAaPbtnzfvbEwQ==
